=== POP Audit Batch Run - Mon Feb 16 10:42:35 EST 2026 ===

=== PHASE 1: Priority Hot Prospects ===
[10:42:35] Starting hot audit for ID 249 (Priority-249)...
[10:42:35] Job started: 8f8e9ded
Traceback (most recent call last):
  File "<string>", line 1, in <module>
  File "/Library/Developer/CommandLineTools/Library/Frameworks/Python3.framework/Versions/3.9/lib/python3.9/json/__init__.py", line 293, in load
    return loads(fp.read(),
  File "/Library/Developer/CommandLineTools/Library/Frameworks/Python3.framework/Versions/3.9/lib/python3.9/json/__init__.py", line 346, in loads
    return _default_decoder.decode(s)
  File "/Library/Developer/CommandLineTools/Library/Frameworks/Python3.framework/Versions/3.9/lib/python3.9/json/decoder.py", line 337, in decode
    obj, end = self.raw_decode(s, idx=_w(s, 0).end())
  File "/Library/Developer/CommandLineTools/Library/Frameworks/Python3.framework/Versions/3.9/lib/python3.9/json/decoder.py", line 355, in raw_decode
    raise JSONDecodeError("Expecting value", s, err.value) from None
json.decoder.JSONDecodeError: Expecting value: line 1 column 1 (char 0)
Traceback (most recent call last):
  File "<string>", line 1, in <module>
  File "/Library/Developer/CommandLineTools/Library/Frameworks/Python3.framework/Versions/3.9/lib/python3.9/json/__init__.py", line 293, in load
    return loads(fp.read(),
  File "/Library/Developer/CommandLineTools/Library/Frameworks/Python3.framework/Versions/3.9/lib/python3.9/json/__init__.py", line 346, in loads
    return _default_decoder.decode(s)
  File "/Library/Developer/CommandLineTools/Library/Frameworks/Python3.framework/Versions/3.9/lib/python3.9/json/decoder.py", line 337, in decode
    obj, end = self.raw_decode(s, idx=_w(s, 0).end())
  File "/Library/Developer/CommandLineTools/Library/Frameworks/Python3.framework/Versions/3.9/lib/python3.9/json/decoder.py", line 355, in raw_decode
    raise JSONDecodeError("Expecting value", s, err.value) from None
json.decoder.JSONDecodeError: Expecting value: line 1 column 1 (char 0)
Traceback (most recent call last):
  File "<string>", line 1, in <module>
  File "/Library/Developer/CommandLineTools/Library/Frameworks/Python3.framework/Versions/3.9/lib/python3.9/json/__init__.py", line 293, in load
    return loads(fp.read(),
  File "/Library/Developer/CommandLineTools/Library/Frameworks/Python3.framework/Versions/3.9/lib/python3.9/json/__init__.py", line 346, in loads
    return _default_decoder.decode(s)
  File "/Library/Developer/CommandLineTools/Library/Frameworks/Python3.framework/Versions/3.9/lib/python3.9/json/decoder.py", line 337, in decode
    obj, end = self.raw_decode(s, idx=_w(s, 0).end())
  File "/Library/Developer/CommandLineTools/Library/Frameworks/Python3.framework/Versions/3.9/lib/python3.9/json/decoder.py", line 355, in raw_decode
    raise JSONDecodeError("Expecting value", s, err.value) from None
json.decoder.JSONDecodeError: Expecting value: line 1 column 1 (char 0)
Traceback (most recent call last):
  File "<string>", line 1, in <module>
  File "/Library/Developer/CommandLineTools/Library/Frameworks/Python3.framework/Versions/3.9/lib/python3.9/json/__init__.py", line 293, in load
    return loads(fp.read(),
  File "/Library/Developer/CommandLineTools/Library/Frameworks/Python3.framework/Versions/3.9/lib/python3.9/json/__init__.py", line 346, in loads
    return _default_decoder.decode(s)
  File "/Library/Developer/CommandLineTools/Library/Frameworks/Python3.framework/Versions/3.9/lib/python3.9/json/decoder.py", line 337, in decode
    obj, end = self.raw_decode(s, idx=_w(s, 0).end())
  File "/Library/Developer/CommandLineTools/Library/Frameworks/Python3.framework/Versions/3.9/lib/python3.9/json/decoder.py", line 355, in raw_decode
    raise JSONDecodeError("Expecting value", s, err.value) from None
json.decoder.JSONDecodeError: Expecting value: line 1 column 1 (char 0)
[10:44:39] Still running... Processing...
[10:46:42] Still running... Processing...
[10:48:45] Still running... Processing...
[10:50:48] Still running... Processing...
[10:52:50] Still running... Processing...
[10:54:52] Still running... Processing...
[10:56:55] Still running... Processing...
[10:58:57] Still running... Processing...
[11:00:59] Still running... Processing...
[11:03:02] Still running... Processing...
[11:05:05] Still running... Processing...
[11:07:07] Still running... Processing...
[11:09:10] Still running... Processing...
[11:11:12] Still running... Processing...
[11:13:16] Still running... Processing...
[11:13:16] ✗ TIMEOUT: ID 249 after 30 minutes
---
[11:13:16] Starting hot audit for ID 280 (Priority-280)...
[11:13:16] Job started: b6949757
[11:14:02] ✗ FAILED: ID 280
POP create-report failed: {"msg": "", "task_id": "233a1808-b359-41d6-9056-10cd86f90e8f", "status": "FAILURE", "value": 0, "full_response": {"status": "FAILURE"}}
---
[11:14:02] Starting hot audit for ID 299 (Priority-299)...
[11:14:02] Job started: 8b5814de
[11:15:04] ✗ FAILED: ID 299
POP create-report failed: {"msg": "", "task_id": "fdce192a-ff32-43e6-8799-1f469dfc94a7", "status": "FAILURE", "value": 0, "full_response": {"status": "FAILURE"}}
---
[11:15:04] Starting hot audit for ID 622 (Priority-622)...
[11:15:04] Job started: 5edd199a
[11:17:06] Still running... Processing...
[11:19:09] Still running... Processing...
[11:21:12] Still running... Processing...
[11:23:14] Still running... Processing...
[11:25:17] Still running... Processing...
[11:27:19] Still running... Processing...
[11:29:22] Still running... Processing...
[11:31:25] Still running... Processing...
[11:33:27] Still running... Processing...
[11:35:29] Still running... Processing...
[11:37:32] Still running... Processing...
[11:39:34] Still running... Processing...
[11:41:37] Still running... Processing...
